<?xml version="1.0" encoding="UTF-8"?>
<!-- Generated by org.testng.reporters.JUnitReportReporter -->
<testsuite skipped="0" hostname="DESKTOP-A9U20SQ" name="testcase.DeleteLead" tests="1" failures="0" timestamp="2020-01-12T12:26:39 IST" time="33.247" errors="0">
  <testcase name="runDeleteLead" time="33.247" classname="testcase.DeleteLead"/>
</testsuite> <!-- testcase.DeleteLead -->
