<?xml version="1.0" encoding="UTF-8"?>
<!-- Generated by org.testng.reporters.JUnitReportReporter -->
<testsuite skipped="0" hostname="DESKTOP-A9U20SQ" name="runner2.RunTest2" tests="2" failures="0" timestamp="2020-01-25T20:08:13 IST" time="35.569" errors="0">
  <testcase name="runScenario" time="18.076" classname="runner2.RunTest2"/>
  <testcase name="runScenario" time="17.493" classname="runner2.RunTest2"/>
</testsuite> <!-- runner2.RunTest2 -->
