<?xml version="1.0" encoding="UTF-8"?>
<!-- Generated by org.testng.reporters.JUnitReportReporter -->
<testsuite skipped="0" hostname="DESKTOP-A9U20SQ" name="runner.RunTest" tests="1" failures="0" timestamp="2020-01-25T11:16:44 IST" time="18.421" errors="0">
  <testcase name="runScenario" time="18.421" classname="runner.RunTest"/>
</testsuite> <!-- runner.RunTest -->
