<?xml version="1.0" encoding="UTF-8"?>
<!-- Generated by org.testng.reporters.JUnitReportReporter -->
<testsuite skipped="0" hostname="DESKTOP-A9U20SQ" name="testcase.CreateLead" tests="1" failures="0" timestamp="2020-01-18T10:19:00 IST" time="23.906" errors="0">
  <testcase name="runCreateLead" time="23.906" classname="testcase.CreateLead"/>
</testsuite> <!-- testcase.CreateLead -->
