<?xml version="1.0" encoding="UTF-8"?>
<!-- Generated by org.testng.reporters.JUnitReportReporter -->
<testsuite skipped="0" hostname="DESKTOP-A9U20SQ" name="ParameterWithExcel.CreateLead" tests="3" failures="0" timestamp="2020-01-25T23:18:15 IST" time="74.230" errors="0">
  <testcase name="RunCreateLead" time="26.345" classname="ParameterWithExcel.CreateLead"/>
  <testcase name="RunCreateLead" time="25.161" classname="ParameterWithExcel.CreateLead"/>
  <testcase name="RunCreateLead" time="22.724" classname="ParameterWithExcel.CreateLead"/>
</testsuite> <!-- ParameterWithExcel.CreateLead -->
