<?xml version="1.0" encoding="UTF-8"?>
<!-- Generated by org.testng.reporters.JUnitReportReporter -->
<testsuite skipped="0" hostname="DESKTOP-A9U20SQ" name="week5.day1.EditLead" tests="1" failures="0" timestamp="2020-01-18T10:19:00 IST" time="23.973" errors="0">
  <testcase name="runEditLead" time="23.973" classname="week5.day1.EditLead"/>
</testsuite> <!-- week5.day1.EditLead -->
