<?xml version="1.0" encoding="UTF-8"?>
<!-- Generated by org.testng.reporters.JUnitReportReporter -->
<testsuite skipped="0" hostname="DESKTOP-A9U20SQ" name="Base.CreateLead" tests="1" failures="0" timestamp="2020-01-12T14:20:47 IST" time="24.945" errors="0">
  <testcase name="runCreateLead" time="24.945" classname="Base.CreateLead"/>
</testsuite> <!-- Base.CreateLead -->
