<?xml version="1.0" encoding="UTF-8"?>
<!-- Generated by org.testng.reporters.JUnitReportReporter -->
<testsuite skipped="0" hostname="DESKTOP-A9U20SQ" name="week4.day2.CreateLead" tests="3" failures="0" timestamp="2020-01-18T13:59:52 IST" time="62.500" errors="0">
  <testcase name="runCreateLead" time="20.510" classname="week4.day2.CreateLead"/>
  <testcase name="runCreateLead" time="20.524" classname="week4.day2.CreateLead"/>
  <testcase name="runCreateLead" time="21.466" classname="week4.day2.CreateLead"/>
</testsuite> <!-- week4.day2.CreateLead -->
