<?xml version="1.0" encoding="UTF-8"?>
<!-- Generated by org.testng.reporters.JUnitReportReporter -->
<testsuite skipped="0" hostname="DESKTOP-A9U20SQ" name="testcase.EditLead" tests="1" failures="0" timestamp="2020-01-12T12:26:39 IST" time="32.060" errors="0">
  <testcase name="runEditLead" time="32.060" classname="testcase.EditLead"/>
</testsuite> <!-- testcase.EditLead -->
